{"/Users/danielmiller/workspace/redux-rudiments/src/index.js": {"path":"/Users/danielmiller/workspace/redux-rudiments/src/index.js","statementMap":{},"fnMap":{},"branchMap":{},"s":{},"f":{},"b":{},"_coverageSchema":"43e27e138ebf9cfc5966b082cf9a028302ed4184","hash":"db48a4b70b3c0703a94d90368899d98cec61f8bb"}
,"/Users/danielmiller/workspace/redux-rudiments/src/reduceActions.js": {"path":"/Users/danielmiller/workspace/redux-rudiments/src/reduceActions.js","statementMap":{"0":{"start":{"line":28,"column":22},"end":{"line":35,"column":1}},"1":{"start":{"line":28,"column":32},"end":{"line":35,"column":1}},"2":{"start":{"line":29,"column":18},"end":{"line":29,"column":48}},"3":{"start":{"line":30,"column":18},"end":{"line":30,"column":48}},"4":{"start":{"line":31,"column":2},"end":{"line":34,"column":42}},"5":{"start":{"line":31,"column":42},"end":{"line":34,"column":3}}},"fnMap":{"0":{"name":"(anonymous_0)","decl":{"start":{"line":28,"column":22},"end":{"line":28,"column":23}},"loc":{"start":{"line":28,"column":32},"end":{"line":35,"column":1}},"line":28},"1":{"name":"(anonymous_1)","decl":{"start":{"line":28,"column":32},"end":{"line":28,"column":33}},"loc":{"start":{"line":28,"column":42},"end":{"line":35,"column":1}},"line":28},"2":{"name":"(anonymous_2)","decl":{"start":{"line":31,"column":24},"end":{"line":31,"column":25}},"loc":{"start":{"line":31,"column":42},"end":{"line":34,"column":3}},"line":31}},"branchMap":{"0":{"loc":{"start":{"line":29,"column":18},"end":{"line":29,"column":48}},"type":"cond-expr","locations":[{"start":{"line":29,"column":37},"end":{"line":29,"column":41}},{"start":{"line":29,"column":44},"end":{"line":29,"column":48}}],"line":29},"1":{"loc":{"start":{"line":30,"column":18},"end":{"line":30,"column":48}},"type":"cond-expr","locations":[{"start":{"line":30,"column":37},"end":{"line":30,"column":41}},{"start":{"line":30,"column":44},"end":{"line":30,"column":48}}],"line":30}},"s":{"0":1,"1":2,"2":2,"3":2,"4":2,"5":4},"f":{"0":2,"1":2,"2":4},"b":{"0":[1,1],"1":[1,1]},"_coverageSchema":"43e27e138ebf9cfc5966b082cf9a028302ed4184","hash":"206b8d67100810928d13ee90a7482efb1a768228"}
,"/Users/danielmiller/workspace/redux-rudiments/src/utils.js": {"path":"/Users/danielmiller/workspace/redux-rudiments/src/utils.js","statementMap":{"0":{"start":{"line":1,"column":27},"end":{"line":1,"column":46}},"1":{"start":{"line":3,"column":27},"end":{"line":3,"column":67}},"2":{"start":{"line":3,"column":34},"end":{"line":3,"column":66}},"3":{"start":{"line":5,"column":23},"end":{"line":5,"column":36}},"4":{"start":{"line":7,"column":24},"end":{"line":7,"column":36}},"5":{"start":{"line":7,"column":33},"end":{"line":7,"column":36}},"6":{"start":{"line":9,"column":21},"end":{"line":9,"column":41}},"7":{"start":{"line":9,"column":30},"end":{"line":9,"column":41}},"8":{"start":{"line":11,"column":27},"end":{"line":11,"column":53}},"9":{"start":{"line":11,"column":36},"end":{"line":11,"column":53}},"10":{"start":{"line":13,"column":30},"end":{"line":13,"column":76}},"11":{"start":{"line":13,"column":39},"end":{"line":13,"column":76}},"12":{"start":{"line":15,"column":24},"end":{"line":15,"column":71}},"13":{"start":{"line":15,"column":33},"end":{"line":15,"column":71}},"14":{"start":{"line":17,"column":32},"end":{"line":17,"column":71}},"15":{"start":{"line":17,"column":41},"end":{"line":17,"column":71}},"16":{"start":{"line":19,"column":30},"end":{"line":19,"column":66}},"17":{"start":{"line":19,"column":39},"end":{"line":19,"column":66}},"18":{"start":{"line":21,"column":26},"end":{"line":21,"column":60}},"19":{"start":{"line":21,"column":35},"end":{"line":21,"column":60}},"20":{"start":{"line":23,"column":23},"end":{"line":23,"column":90}},"21":{"start":{"line":23,"column":43},"end":{"line":23,"column":90}},"22":{"start":{"line":23,"column":63},"end":{"line":23,"column":89}},"23":{"start":{"line":25,"column":30},"end":{"line":25,"column":65}},"24":{"start":{"line":25,"column":39},"end":{"line":25,"column":65}}},"fnMap":{"0":{"name":"(anonymous_0)","decl":{"start":{"line":3,"column":27},"end":{"line":3,"column":28}},"loc":{"start":{"line":3,"column":34},"end":{"line":3,"column":66}},"line":3},"1":{"name":"(anonymous_1)","decl":{"start":{"line":7,"column":24},"end":{"line":7,"column":25}},"loc":{"start":{"line":7,"column":33},"end":{"line":7,"column":36}},"line":7},"2":{"name":"(anonymous_2)","decl":{"start":{"line":9,"column":21},"end":{"line":9,"column":22}},"loc":{"start":{"line":9,"column":30},"end":{"line":9,"column":41}},"line":9},"3":{"name":"(anonymous_3)","decl":{"start":{"line":11,"column":27},"end":{"line":11,"column":28}},"loc":{"start":{"line":11,"column":36},"end":{"line":11,"column":53}},"line":11},"4":{"name":"(anonymous_4)","decl":{"start":{"line":13,"column":30},"end":{"line":13,"column":31}},"loc":{"start":{"line":13,"column":39},"end":{"line":13,"column":76}},"line":13},"5":{"name":"(anonymous_5)","decl":{"start":{"line":15,"column":24},"end":{"line":15,"column":25}},"loc":{"start":{"line":15,"column":33},"end":{"line":15,"column":71}},"line":15},"6":{"name":"(anonymous_6)","decl":{"start":{"line":17,"column":32},"end":{"line":17,"column":33}},"loc":{"start":{"line":17,"column":41},"end":{"line":17,"column":71}},"line":17},"7":{"name":"(anonymous_7)","decl":{"start":{"line":19,"column":30},"end":{"line":19,"column":31}},"loc":{"start":{"line":19,"column":39},"end":{"line":19,"column":66}},"line":19},"8":{"name":"(anonymous_8)","decl":{"start":{"line":21,"column":26},"end":{"line":21,"column":27}},"loc":{"start":{"line":21,"column":35},"end":{"line":21,"column":60}},"line":21},"9":{"name":"(anonymous_9)","decl":{"start":{"line":23,"column":23},"end":{"line":23,"column":24}},"loc":{"start":{"line":23,"column":43},"end":{"line":23,"column":90}},"line":23},"10":{"name":"(anonymous_10)","decl":{"start":{"line":23,"column":54},"end":{"line":23,"column":55}},"loc":{"start":{"line":23,"column":63},"end":{"line":23,"column":89}},"line":23},"11":{"name":"(anonymous_11)","decl":{"start":{"line":25,"column":30},"end":{"line":25,"column":31}},"loc":{"start":{"line":25,"column":39},"end":{"line":25,"column":65}},"line":25}},"branchMap":{"0":{"loc":{"start":{"line":13,"column":39},"end":{"line":13,"column":76}},"type":"binary-expr","locations":[{"start":{"line":13,"column":39},"end":{"line":13,"column":49}},{"start":{"line":13,"column":53},"end":{"line":13,"column":76}}],"line":13},"1":{"loc":{"start":{"line":15,"column":33},"end":{"line":15,"column":71}},"type":"binary-expr","locations":[{"start":{"line":15,"column":33},"end":{"line":15,"column":44}},{"start":{"line":15,"column":48},"end":{"line":15,"column":71}}],"line":15},"2":{"loc":{"start":{"line":17,"column":41},"end":{"line":17,"column":71}},"type":"binary-expr","locations":[{"start":{"line":17,"column":41},"end":{"line":17,"column":54}},{"start":{"line":17,"column":58},"end":{"line":17,"column":71}}],"line":17},"3":{"loc":{"start":{"line":19,"column":39},"end":{"line":19,"column":66}},"type":"binary-expr","locations":[{"start":{"line":19,"column":39},"end":{"line":19,"column":49}},{"start":{"line":19,"column":53},"end":{"line":19,"column":66}}],"line":19},"4":{"loc":{"start":{"line":25,"column":39},"end":{"line":25,"column":65}},"type":"cond-expr","locations":[{"start":{"line":25,"column":54},"end":{"line":25,"column":57}},{"start":{"line":25,"column":60},"end":{"line":25,"column":65}}],"line":25}},"s":{"0":2,"1":2,"2":3,"3":2,"4":2,"5":0,"6":2,"7":0,"8":2,"9":0,"10":2,"11":0,"12":2,"13":0,"14":2,"15":0,"16":2,"17":0,"18":2,"19":2,"20":2,"21":0,"22":0,"23":2,"24":0},"f":{"0":3,"1":0,"2":0,"3":0,"4":0,"5":0,"6":0,"7":0,"8":2,"9":0,"10":0,"11":0},"b":{"0":[0,0],"1":[0,0],"2":[0,0],"3":[0,0],"4":[0,0]},"_coverageSchema":"43e27e138ebf9cfc5966b082cf9a028302ed4184","hash":"2d60456a194d4dd9549a77e8a6c8dfeb28436fb0"}
}
